2025-08-27 20:21:13,723 - chromadb.config - DEBUG - Starting component System
2025-08-27 20:21:13,723 - chromadb.config - DEBUG - Starting component Posthog
2025-08-27 20:21:13,766 - sentence_transformers.SentenceTransformer - INFO - Load pretrained SentenceTransformer: all-MiniLM-L6-v2
2025-08-27 20:21:13,770 - urllib3.connectionpool - DEBUG - Starting new HTTPS connection (1): huggingface.co:443
2025-08-27 20:21:14,481 - urllib3.connectionpool - DEBUG - https://huggingface.co:443 "HEAD /sentence-transformers/all-MiniLM-L6-v2/resolve/main/modules.json HTTP/1.1" 307 0
2025-08-27 20:21:14,501 - urllib3.connectionpool - DEBUG - https://huggingface.co:443 "HEAD /api/resolve-cache/models/sentence-transformers/all-MiniLM-L6-v2/c9745ed1d9f207416be6d2e6f8de32d1f16199bf/modules.json HTTP/1.1" 200 0
2025-08-27 20:21:14,760 - urllib3.connectionpool - DEBUG - https://huggingface.co:443 "HEAD /sentence-transformers/all-MiniLM-L6-v2/resolve/main/config_sentence_transformers.json HTTP/1.1" 307 0
2025-08-27 20:21:14,773 - urllib3.connectionpool - DEBUG - https://huggingface.co:443 "HEAD /api/resolve-cache/models/sentence-transformers/all-MiniLM-L6-v2/c9745ed1d9f207416be6d2e6f8de32d1f16199bf/config_sentence_transformers.json HTTP/1.1" 200 0
2025-08-27 20:21:15,030 - urllib3.connectionpool - DEBUG - https://huggingface.co:443 "HEAD /sentence-transformers/all-MiniLM-L6-v2/resolve/main/config_sentence_transformers.json HTTP/1.1" 307 0
2025-08-27 20:21:15,050 - urllib3.connectionpool - DEBUG - https://huggingface.co:443 "HEAD /api/resolve-cache/models/sentence-transformers/all-MiniLM-L6-v2/c9745ed1d9f207416be6d2e6f8de32d1f16199bf/config_sentence_transformers.json HTTP/1.1" 200 0
2025-08-27 20:21:15,297 - urllib3.connectionpool - DEBUG - https://huggingface.co:443 "HEAD /sentence-transformers/all-MiniLM-L6-v2/resolve/main/README.md HTTP/1.1" 307 0
2025-08-27 20:21:15,313 - urllib3.connectionpool - DEBUG - https://huggingface.co:443 "HEAD /api/resolve-cache/models/sentence-transformers/all-MiniLM-L6-v2/c9745ed1d9f207416be6d2e6f8de32d1f16199bf/README.md HTTP/1.1" 200 0
2025-08-27 20:21:15,564 - urllib3.connectionpool - DEBUG - https://huggingface.co:443 "HEAD /sentence-transformers/all-MiniLM-L6-v2/resolve/main/modules.json HTTP/1.1" 307 0
2025-08-27 20:21:15,584 - urllib3.connectionpool - DEBUG - https://huggingface.co:443 "HEAD /api/resolve-cache/models/sentence-transformers/all-MiniLM-L6-v2/c9745ed1d9f207416be6d2e6f8de32d1f16199bf/modules.json HTTP/1.1" 200 0
2025-08-27 20:21:15,843 - urllib3.connectionpool - DEBUG - https://huggingface.co:443 "HEAD /sentence-transformers/all-MiniLM-L6-v2/resolve/main/sentence_bert_config.json HTTP/1.1" 307 0
2025-08-27 20:21:15,857 - urllib3.connectionpool - DEBUG - https://huggingface.co:443 "HEAD /api/resolve-cache/models/sentence-transformers/all-MiniLM-L6-v2/c9745ed1d9f207416be6d2e6f8de32d1f16199bf/sentence_bert_config.json HTTP/1.1" 200 0
2025-08-27 20:21:16,105 - urllib3.connectionpool - DEBUG - https://huggingface.co:443 "HEAD /sentence-transformers/all-MiniLM-L6-v2/resolve/main/adapter_config.json HTTP/1.1" 404 0
2025-08-27 20:21:16,386 - urllib3.connectionpool - DEBUG - https://huggingface.co:443 "HEAD /sentence-transformers/all-MiniLM-L6-v2/resolve/main/config.json HTTP/1.1" 307 0
2025-08-27 20:21:16,412 - urllib3.connectionpool - DEBUG - https://huggingface.co:443 "HEAD /api/resolve-cache/models/sentence-transformers/all-MiniLM-L6-v2/c9745ed1d9f207416be6d2e6f8de32d1f16199bf/config.json HTTP/1.1" 200 0
2025-08-27 20:21:16,752 - urllib3.connectionpool - DEBUG - https://huggingface.co:443 "HEAD /sentence-transformers/all-MiniLM-L6-v2/resolve/main/tokenizer_config.json HTTP/1.1" 307 0
2025-08-27 20:21:16,772 - urllib3.connectionpool - DEBUG - https://huggingface.co:443 "HEAD /api/resolve-cache/models/sentence-transformers/all-MiniLM-L6-v2/c9745ed1d9f207416be6d2e6f8de32d1f16199bf/tokenizer_config.json HTTP/1.1" 200 0
2025-08-27 20:21:17,053 - urllib3.connectionpool - DEBUG - https://huggingface.co:443 "GET /api/models/sentence-transformers/all-MiniLM-L6-v2/tree/main/additional_chat_templates?recursive=False&expand=False HTTP/1.1" 404 64
2025-08-27 20:21:17,829 - urllib3.connectionpool - DEBUG - https://huggingface.co:443 "HEAD /sentence-transformers/all-MiniLM-L6-v2/resolve/main/1_Pooling/config.json HTTP/1.1" 307 0
2025-08-27 20:21:17,857 - urllib3.connectionpool - DEBUG - https://huggingface.co:443 "HEAD /api/resolve-cache/models/sentence-transformers/all-MiniLM-L6-v2/c9745ed1d9f207416be6d2e6f8de32d1f16199bf/1_Pooling%2Fconfig.json HTTP/1.1" 200 0
2025-08-27 20:21:18,127 - urllib3.connectionpool - DEBUG - https://huggingface.co:443 "GET /api/models/sentence-transformers/all-MiniLM-L6-v2 HTTP/1.1" 200 6861
2025-08-27 22:21:19,378 - chromadb.config - DEBUG - Starting component System
2025-08-27 22:21:19,379 - chromadb.config - DEBUG - Starting component Posthog
2025-08-27 22:21:19,425 - sentence_transformers.SentenceTransformer - INFO - Load pretrained SentenceTransformer: all-MiniLM-L6-v2
2025-08-27 22:21:19,430 - urllib3.connectionpool - DEBUG - Starting new HTTPS connection (1): huggingface.co:443
2025-08-27 22:21:19,773 - urllib3.connectionpool - DEBUG - https://huggingface.co:443 "HEAD /sentence-transformers/all-MiniLM-L6-v2/resolve/main/modules.json HTTP/1.1" 307 0
2025-08-27 22:21:19,785 - urllib3.connectionpool - DEBUG - https://huggingface.co:443 "HEAD /api/resolve-cache/models/sentence-transformers/all-MiniLM-L6-v2/c9745ed1d9f207416be6d2e6f8de32d1f16199bf/modules.json HTTP/1.1" 200 0
2025-08-27 22:21:20,036 - urllib3.connectionpool - DEBUG - https://huggingface.co:443 "HEAD /sentence-transformers/all-MiniLM-L6-v2/resolve/main/config_sentence_transformers.json HTTP/1.1" 307 0
2025-08-27 22:21:20,061 - urllib3.connectionpool - DEBUG - https://huggingface.co:443 "HEAD /api/resolve-cache/models/sentence-transformers/all-MiniLM-L6-v2/c9745ed1d9f207416be6d2e6f8de32d1f16199bf/config_sentence_transformers.json HTTP/1.1" 200 0
2025-08-27 22:21:20,310 - urllib3.connectionpool - DEBUG - https://huggingface.co:443 "HEAD /sentence-transformers/all-MiniLM-L6-v2/resolve/main/config_sentence_transformers.json HTTP/1.1" 307 0
2025-08-27 22:21:20,381 - urllib3.connectionpool - DEBUG - https://huggingface.co:443 "HEAD /api/resolve-cache/models/sentence-transformers/all-MiniLM-L6-v2/c9745ed1d9f207416be6d2e6f8de32d1f16199bf/config_sentence_transformers.json HTTP/1.1" 200 0
2025-08-27 22:21:20,651 - urllib3.connectionpool - DEBUG - https://huggingface.co:443 "HEAD /sentence-transformers/all-MiniLM-L6-v2/resolve/main/README.md HTTP/1.1" 307 0
2025-08-27 22:21:20,665 - urllib3.connectionpool - DEBUG - https://huggingface.co:443 "HEAD /api/resolve-cache/models/sentence-transformers/all-MiniLM-L6-v2/c9745ed1d9f207416be6d2e6f8de32d1f16199bf/README.md HTTP/1.1" 200 0
2025-08-27 22:21:20,918 - urllib3.connectionpool - DEBUG - https://huggingface.co:443 "HEAD /sentence-transformers/all-MiniLM-L6-v2/resolve/main/modules.json HTTP/1.1" 307 0
2025-08-27 22:21:20,937 - urllib3.connectionpool - DEBUG - https://huggingface.co:443 "HEAD /api/resolve-cache/models/sentence-transformers/all-MiniLM-L6-v2/c9745ed1d9f207416be6d2e6f8de32d1f16199bf/modules.json HTTP/1.1" 200 0
2025-08-27 22:21:21,184 - urllib3.connectionpool - DEBUG - https://huggingface.co:443 "HEAD /sentence-transformers/all-MiniLM-L6-v2/resolve/main/sentence_bert_config.json HTTP/1.1" 307 0
2025-08-27 22:21:21,200 - urllib3.connectionpool - DEBUG - https://huggingface.co:443 "HEAD /api/resolve-cache/models/sentence-transformers/all-MiniLM-L6-v2/c9745ed1d9f207416be6d2e6f8de32d1f16199bf/sentence_bert_config.json HTTP/1.1" 200 0
2025-08-27 22:21:21,460 - urllib3.connectionpool - DEBUG - https://huggingface.co:443 "HEAD /sentence-transformers/all-MiniLM-L6-v2/resolve/main/adapter_config.json HTTP/1.1" 404 0
2025-08-27 22:21:21,716 - urllib3.connectionpool - DEBUG - https://huggingface.co:443 "HEAD /sentence-transformers/all-MiniLM-L6-v2/resolve/main/config.json HTTP/1.1" 307 0
2025-08-27 22:21:21,731 - urllib3.connectionpool - DEBUG - https://huggingface.co:443 "HEAD /api/resolve-cache/models/sentence-transformers/all-MiniLM-L6-v2/c9745ed1d9f207416be6d2e6f8de32d1f16199bf/config.json HTTP/1.1" 200 0
2025-08-27 22:21:22,063 - urllib3.connectionpool - DEBUG - https://huggingface.co:443 "HEAD /sentence-transformers/all-MiniLM-L6-v2/resolve/main/tokenizer_config.json HTTP/1.1" 307 0
2025-08-27 22:21:22,079 - urllib3.connectionpool - DEBUG - https://huggingface.co:443 "HEAD /api/resolve-cache/models/sentence-transformers/all-MiniLM-L6-v2/c9745ed1d9f207416be6d2e6f8de32d1f16199bf/tokenizer_config.json HTTP/1.1" 200 0
2025-08-27 22:21:22,365 - urllib3.connectionpool - DEBUG - https://huggingface.co:443 "GET /api/models/sentence-transformers/all-MiniLM-L6-v2/tree/main/additional_chat_templates?recursive=False&expand=False HTTP/1.1" 404 64
2025-08-27 22:21:22,674 - urllib3.connectionpool - DEBUG - https://huggingface.co:443 "HEAD /sentence-transformers/all-MiniLM-L6-v2/resolve/main/1_Pooling/config.json HTTP/1.1" 307 0
2025-08-27 22:21:22,698 - urllib3.connectionpool - DEBUG - https://huggingface.co:443 "HEAD /api/resolve-cache/models/sentence-transformers/all-MiniLM-L6-v2/c9745ed1d9f207416be6d2e6f8de32d1f16199bf/1_Pooling%2Fconfig.json HTTP/1.1" 200 0
2025-08-27 22:21:22,971 - urllib3.connectionpool - DEBUG - https://huggingface.co:443 "GET /api/models/sentence-transformers/all-MiniLM-L6-v2 HTTP/1.1" 200 6861
